索引初始化成功
                     wwwroot/index.html
quit client ...
quit client ...
quit client ...
quit client ...
segmentation success!
segmentation success!
pages size100
quit client ...
quit client ...
segmentation success!
segmentation success!
pages size100
quit client ...
quit client ...
                     wwwroot/index.html
quit client ...
quit client ...
segmentation success!
segmentation success!
pages size0
页数大于所求值   0
quit client ...
quit client ...
segmentation success!
segmentation success!
pages size0
页数大于所求值   0
quit client ...
segmentation success!
segmentation success!
pages size0
页数大于所求值   0
quit client ...
segmentation success!
segmentation success!
segmentation success!
pages size0
页数大于所求值   0
quit client ...
segmentation success!
pages size0
页数大于所求值   0
quit client ...
                     wwwroot/index.html
quit client ...
quit client ...
segmentation success!
segmentation success!
pages size100
quit client ...
quit client ...
quit client ...
segmentation success!
segmentation success!
pages size0
页数大于所求值   0
quit client ...
                     wwwroot/index.html
quit client ...
quit client ...
                     wwwroot/index.html
quit client ...
segmentation success!
segmentation success!
pages size0
页数大于所求值   0
quit client ...
segmentation success!
segmentation success!
pages size0
页数大于所求值   0
quit client ...
                     wwwroot/index.html
quit client ...
quit client ...
segmentation success!
segmentation success!
pages size0
页数大于所求值   0
